<?xml version="1.0" encoding="UTF-8" ?>
<testsuite tests="1" failures="0" name="com.ibm.shoppingbackend.test.CartLineTestCase" time="0.146" errors="1" skipped="0">
  <properties>
[...]
</properties>
  <testcase classname="com.ibm.shoppingbackend.test.CartLineTestCase" name="testUpdateCartLine" time="0.146">
    <error message="Cannot invoke &quot;com.ibm.shoppingbackend.dto.User.getCart()&quot; because &quot;user&quot; is null" type="java.lang.NullPointerException">java.lang.NullPointerException: Cannot invoke &quot;com.ibm.shoppingbackend.dto.User.getCart()&quot; because &quot;user&quot; is null
	at com.ibm.shoppingbackend.test.CartLineTestCase.testUpdateCartLine(CartLineTestCase.java:77)
	at java.base/jdk.internal.reflect.NativeMethodAccessorImpl.invoke0(Native Method)
	at java.base/jdk.internal.reflect.NativeMethodAccessorImpl.invoke(NativeMethodAccessorImpl.java:64)
	at java.base/jdk.internal.reflect.DelegatingMethodAccessorImpl.invoke(DelegatingMethodAccessorImpl.java:43)
	at java.base/java.lang.reflect.Method.invoke(Method.java:564)
	at org.junit.runners.model.FrameworkMethod$1.runReflectiveCall(FrameworkMethod.java:50)
	at org.junit.internal.runners.model.ReflectiveCallable.run(ReflectiveCallable.java:12)
	at org.junit.runners.model.FrameworkMethod.invokeExplosively(FrameworkMethod.java:47)
	at org.junit.internal.runners.statements.InvokeMethod.evaluate(InvokeMethod.java:17)
	at org.junit.runners.ParentRunner.runLeaf(ParentRunner.java:325)
	at org.junit.runners.BlockJUnit4ClassRunner.runChild(BlockJUnit4ClassRunner.java:78)
	at org.junit.runners.BlockJUnit4ClassRunner.runChild(BlockJUnit4ClassRunner.java:57)
	at org.junit.runners.ParentRunner$3.run(ParentRunner.java:290)
	at org.junit.runners.ParentRunner$1.schedule(ParentRunner.java:71)
	at org.junit.runners.ParentRunner.runChildren(ParentRunner.java:288)
	at org.junit.runners.ParentRunner.access$000(ParentRunner.java:58)
	at org.junit.runners.ParentRunner$2.evaluate(ParentRunner.java:268)
	at org.junit.internal.runners.statements.RunBefores.evaluate(RunBefores.java:26)
	at org.junit.runners.ParentRunner.run(ParentRunner.java:363)
	at org.apache.maven.surefire.junit4.JUnit4Provider.execute(JUnit4Provider.java:252)
	at org.apache.maven.surefire.junit4.JUnit4Provider.executeTestSet(JUnit4Provider.java:141)
	at org.apache.maven.surefire.junit4.JUnit4Provider.invoke(JUnit4Provider.java:112)
	at java.base/jdk.internal.reflect.NativeMethodAccessorImpl.invoke0(Native Method)
	at java.base/jdk.internal.reflect.NativeMethodAccessorImpl.invoke(NativeMethodAccessorImpl.java:64)
	at java.base/jdk.internal.reflect.DelegatingMethodAccessorImpl.invoke(DelegatingMethodAccessorImpl.java:43)
	at java.base/java.lang.reflect.Method.invoke(Method.java:564)
	at org.apache.maven.surefire.util.ReflectionUtils.invokeMethodWithArray(ReflectionUtils.java:189)
	at org.apache.maven.surefire.booter.ProviderFactory$ProviderProxy.invoke(ProviderFactory.java:165)
	at org.apache.maven.surefire.booter.ProviderFactory.invokeProvider(ProviderFactory.java:85)
	at org.apache.maven.surefire.booter.ForkedBooter.runSuitesInProcess(ForkedBooter.java:115)
	at org.apache.maven.surefire.booter.ForkedBooter.main(ForkedBooter.java:75)
</error>
    <system-out>INFO  Refreshing org.springframework.context.annotation.AnnotationConfigApplicationContext@31e5415e: startup date [Tue Jul 06 18:34:48 CST 2021]; root of context hierarchy 18:34:48.846 o.s.c.a.AnnotationConfigApplicationContext 
INFO  HHH000412: Hibernate Core {5.2.7.Final} 18:34:49.256 org.hibernate.Version 
INFO  HHH000206: hibernate.properties not found 18:34:49.258 org.hibernate.cfg.Environment 
INFO  HCANN000001: Hibernate Commons Annotations {5.0.1.Final} 18:34:49.285 o.h.annotations.common.Version 
INFO  HHH000400: Using dialect: org.hibernate.dialect.MySQLDialect 18:34:49.899 org.hibernate.dialect.Dialect 
INFO  HV000001: Hibernate Validator 5.4.1.Final 18:34:50.194 o.h.validator.internal.util.Version 
INFO  Using DataSource [org.apache.commons.dbcp2.BasicDataSource@3e34ace1] of Hibernate SessionFactory for HibernateTransactionManager 18:34:50.450 o.s.o.h.HibernateTransactionManager 
INFO  HHH000397: Using ASTQueryTranslatorFactory 18:34:50.546 o.h.h.i.QueryTranslatorFactoryInitiator 
Hibernate: 
    select
        user0_.id as id1_7_,
        user0_.contact_number as contact_2_7_,
        user0_.email as email3_7_,
        user0_.enabled as enabled4_7_,
        user0_.first_name as first_na5_7_,
        user0_.last_name as last_nam6_7_,
        user0_.password as password7_7_,
        user0_.role as role8_7_ 
    from
        user_detail user0_ 
    where
        user0_.email=?
</system-out>
    <system-err>Loading class `com.mysql.jdbc.Driver&apos;. This is deprecated. The new driver class is `com.mysql.cj.jdbc.Driver&apos;. The driver is automatically registered via the SPI and manual loading of the driver class is generally unnecessary.
</system-err>
  </testcase>
</testsuite>