<?xml version="1.0" encoding="UTF-8" ?>
<testsuite tests="3" failures="2" name="com.ibm.shoppingbackend.test.ProductTestCase" time="0.052" errors="0" skipped="0">
  <properties>
[...]
</properties>
  <testcase classname="com.ibm.shoppingbackend.test.ProductTestCase" name="testListActiveProductsByCategory" time="0.031">
    <failure message="Something went wrong while fetching the list of products! expected:&lt;2&gt; but was:&lt;3&gt;" type="java.lang.AssertionError">java.lang.AssertionError: Something went wrong while fetching the list of products! expected:&lt;2&gt; but was:&lt;3&gt;
	at org.junit.Assert.fail(Assert.java:88)
	at org.junit.Assert.failNotEquals(Assert.java:834)
	at org.junit.Assert.assertEquals(Assert.java:645)
	at com.ibm.shoppingbackend.test.ProductTestCase.testListActiveProductsByCategory(ProductTestCase.java:76)
	at java.base/jdk.internal.reflect.NativeMethodAccessorImpl.invoke0(Native Method)
	at java.base/jdk.internal.reflect.NativeMethodAccessorImpl.invoke(NativeMethodAccessorImpl.java:64)
	at java.base/jdk.internal.reflect.DelegatingMethodAccessorImpl.invoke(DelegatingMethodAccessorImpl.java:43)
	at java.base/java.lang.reflect.Method.invoke(Method.java:564)
	at org.junit.runners.model.FrameworkMethod$1.runReflectiveCall(FrameworkMethod.java:50)
	at org.junit.internal.runners.model.ReflectiveCallable.run(ReflectiveCallable.java:12)
	at org.junit.runners.model.FrameworkMethod.invokeExplosively(FrameworkMethod.java:47)
	at org.junit.internal.runners.statements.InvokeMethod.evaluate(InvokeMethod.java:17)
	at org.junit.runners.ParentRunner.runLeaf(ParentRunner.java:325)
	at org.junit.runners.BlockJUnit4ClassRunner.runChild(BlockJUnit4ClassRunner.java:78)
	at org.junit.runners.BlockJUnit4ClassRunner.runChild(BlockJUnit4ClassRunner.java:57)
	at org.junit.runners.ParentRunner$3.run(ParentRunner.java:290)
	at org.junit.runners.ParentRunner$1.schedule(ParentRunner.java:71)
	at org.junit.runners.ParentRunner.runChildren(ParentRunner.java:288)
	at org.junit.runners.ParentRunner.access$000(ParentRunner.java:58)
	at org.junit.runners.ParentRunner$2.evaluate(ParentRunner.java:268)
	at org.junit.internal.runners.statements.RunBefores.evaluate(RunBefores.java:26)
	at org.junit.runners.ParentRunner.run(ParentRunner.java:363)
	at org.apache.maven.surefire.junit4.JUnit4Provider.execute(JUnit4Provider.java:252)
	at org.apache.maven.surefire.junit4.JUnit4Provider.executeTestSet(JUnit4Provider.java:141)
	at org.apache.maven.surefire.junit4.JUnit4Provider.invoke(JUnit4Provider.java:112)
	at java.base/jdk.internal.reflect.NativeMethodAccessorImpl.invoke0(Native Method)
	at java.base/jdk.internal.reflect.NativeMethodAccessorImpl.invoke(NativeMethodAccessorImpl.java:64)
	at java.base/jdk.internal.reflect.DelegatingMethodAccessorImpl.invoke(DelegatingMethodAccessorImpl.java:43)
	at java.base/java.lang.reflect.Method.invoke(Method.java:564)
	at org.apache.maven.surefire.util.ReflectionUtils.invokeMethodWithArray(ReflectionUtils.java:189)
	at org.apache.maven.surefire.booter.ProviderFactory$ProviderProxy.invoke(ProviderFactory.java:165)
	at org.apache.maven.surefire.booter.ProviderFactory.invokeProvider(ProviderFactory.java:85)
	at org.apache.maven.surefire.booter.ForkedBooter.runSuitesInProcess(ForkedBooter.java:115)
	at org.apache.maven.surefire.booter.ForkedBooter.main(ForkedBooter.java:75)
</failure>
    <system-out>INFO  Refreshing org.springframework.context.annotation.AnnotationConfigApplicationContext@4fb57fb3: startup date [Tue Jul 06 18:34:50 CST 2021]; root of context hierarchy 18:34:50.650 o.s.c.a.AnnotationConfigApplicationContext 
INFO  HHH000400: Using dialect: org.hibernate.dialect.MySQLDialect 18:34:50.758 org.hibernate.dialect.Dialect 
INFO  Using DataSource [org.apache.commons.dbcp2.BasicDataSource@14e750c5] of Hibernate SessionFactory for HibernateTransactionManager 18:34:50.818 o.s.o.h.HibernateTransactionManager 
INFO  HHH000397: Using ASTQueryTranslatorFactory 18:34:50.830 o.h.h.i.QueryTranslatorFactoryInitiator 
Hibernate: 
    select
        product0_.id as id1_6_,
        product0_.is_active as is_activ2_6_,
        product0_.brand as brand3_6_,
        product0_.category_id as category4_6_,
        product0_.code as code5_6_,
        product0_.description as descript6_6_,
        product0_.name as name7_6_,
        product0_.purchases as purchase8_6_,
        product0_.quantity as quantity9_6_,
        product0_.supplier_id as supplie10_6_,
        product0_.unit_price as unit_pr11_6_,
        product0_.views as views12_6_ 
    from
        Product product0_ 
    where
        product0_.is_active=? 
        and product0_.category_id=?
Hibernate: 
    select
        product0_.id as id1_6_,
        product0_.is_active as is_activ2_6_,
        product0_.brand as brand3_6_,
        product0_.category_id as category4_6_,
        product0_.code as code5_6_,
        product0_.description as descript6_6_,
        product0_.name as name7_6_,
        product0_.purchases as purchase8_6_,
        product0_.quantity as quantity9_6_,
        product0_.supplier_id as supplie10_6_,
        product0_.unit_price as unit_pr11_6_,
        product0_.views as views12_6_ 
    from
        Product product0_ 
    where
        product0_.is_active=? 
        and product0_.category_id=?
</system-out>
  </testcase>
  <testcase classname="com.ibm.shoppingbackend.test.ProductTestCase" name="testListActiveProducts" time="0.012">
    <failure message="Something went wrong while fetching the list of products! expected:&lt;5&gt; but was:&lt;9&gt;" type="java.lang.AssertionError">java.lang.AssertionError: Something went wrong while fetching the list of products! expected:&lt;5&gt; but was:&lt;9&gt;
	at org.junit.Assert.fail(Assert.java:88)
	at org.junit.Assert.failNotEquals(Assert.java:834)
	at org.junit.Assert.assertEquals(Assert.java:645)
	at com.ibm.shoppingbackend.test.ProductTestCase.testListActiveProducts(ProductTestCase.java:67)
	at java.base/jdk.internal.reflect.NativeMethodAccessorImpl.invoke0(Native Method)
	at java.base/jdk.internal.reflect.NativeMethodAccessorImpl.invoke(NativeMethodAccessorImpl.java:64)
	at java.base/jdk.internal.reflect.DelegatingMethodAccessorImpl.invoke(DelegatingMethodAccessorImpl.java:43)
	at java.base/java.lang.reflect.Method.invoke(Method.java:564)
	at org.junit.runners.model.FrameworkMethod$1.runReflectiveCall(FrameworkMethod.java:50)
	at org.junit.internal.runners.model.ReflectiveCallable.run(ReflectiveCallable.java:12)
	at org.junit.runners.model.FrameworkMethod.invokeExplosively(FrameworkMethod.java:47)
	at org.junit.internal.runners.statements.InvokeMethod.evaluate(InvokeMethod.java:17)
	at org.junit.runners.ParentRunner.runLeaf(ParentRunner.java:325)
	at org.junit.runners.BlockJUnit4ClassRunner.runChild(BlockJUnit4ClassRunner.java:78)
	at org.junit.runners.BlockJUnit4ClassRunner.runChild(BlockJUnit4ClassRunner.java:57)
	at org.junit.runners.ParentRunner$3.run(ParentRunner.java:290)
	at org.junit.runners.ParentRunner$1.schedule(ParentRunner.java:71)
	at org.junit.runners.ParentRunner.runChildren(ParentRunner.java:288)
	at org.junit.runners.ParentRunner.access$000(ParentRunner.java:58)
	at org.junit.runners.ParentRunner$2.evaluate(ParentRunner.java:268)
	at org.junit.internal.runners.statements.RunBefores.evaluate(RunBefores.java:26)
	at org.junit.runners.ParentRunner.run(ParentRunner.java:363)
	at org.apache.maven.surefire.junit4.JUnit4Provider.execute(JUnit4Provider.java:252)
	at org.apache.maven.surefire.junit4.JUnit4Provider.executeTestSet(JUnit4Provider.java:141)
	at org.apache.maven.surefire.junit4.JUnit4Provider.invoke(JUnit4Provider.java:112)
	at java.base/jdk.internal.reflect.NativeMethodAccessorImpl.invoke0(Native Method)
	at java.base/jdk.internal.reflect.NativeMethodAccessorImpl.invoke(NativeMethodAccessorImpl.java:64)
	at java.base/jdk.internal.reflect.DelegatingMethodAccessorImpl.invoke(DelegatingMethodAccessorImpl.java:43)
	at java.base/java.lang.reflect.Method.invoke(Method.java:564)
	at org.apache.maven.surefire.util.ReflectionUtils.invokeMethodWithArray(ReflectionUtils.java:189)
	at org.apache.maven.surefire.booter.ProviderFactory$ProviderProxy.invoke(ProviderFactory.java:165)
	at org.apache.maven.surefire.booter.ProviderFactory.invokeProvider(ProviderFactory.java:85)
	at org.apache.maven.surefire.booter.ForkedBooter.runSuitesInProcess(ForkedBooter.java:115)
	at org.apache.maven.surefire.booter.ForkedBooter.main(ForkedBooter.java:75)
</failure>
    <system-out>Hibernate: 
    select
        product0_.id as id1_6_,
        product0_.is_active as is_activ2_6_,
        product0_.brand as brand3_6_,
        product0_.category_id as category4_6_,
        product0_.code as code5_6_,
        product0_.description as descript6_6_,
        product0_.name as name7_6_,
        product0_.purchases as purchase8_6_,
        product0_.quantity as quantity9_6_,
        product0_.supplier_id as supplie10_6_,
        product0_.unit_price as unit_pr11_6_,
        product0_.views as views12_6_ 
    from
        Product product0_ 
    where
        product0_.is_active=?
</system-out>
  </testcase>
  <testcase classname="com.ibm.shoppingbackend.test.ProductTestCase" name="testGetLatestActiveProduct" time="0.009"/>
</testsuite>